<?xml version="1.0" encoding="UTF-8"?>
<testng-results ignored="0" total="0" passed="0" failed="0" skipped="0">
  <reporter-output>
  </reporter-output>
  <suite started-at="2025-01-12T17:14:26 IST" name="Suite" finished-at="2025-01-12T17:14:26 IST" duration-ms="164">
    <groups>
    </groups>
    <test started-at="2025-01-12T17:14:26 IST" name="Test1" finished-at="2025-01-12T17:14:26 IST" duration-ms="23">
    </test> <!-- Test1 -->
    <test started-at="2025-01-12T17:14:26 IST" name="Test2" finished-at="2025-01-12T17:14:26 IST" duration-ms="2">
    </test> <!-- Test2 -->
  </suite> <!-- Suite -->
</testng-results>
